  -- fixup_bundle
  --   app='E:/1KMD璇剧▼/Research/Illumination Guided LOD/IDPM/OpenMesh-9.0/OpenMesh-9.0.0/build/Build/Smoothing.exe'
  --   libs=''
  --   dirs='E:/anaconda/Library/bin'
  --   ignoreItems=''
  -- fixup_bundle: preparing...
  -- fixup_bundle: copying...
  -- 1/16: *NOT* copying 'E:/1KMD璇剧▼/Research/Illumination Guided LOD/IDPM/OpenMesh-9.0/OpenMesh-9.0.0/build/Build/Smoothing.exe'
  -- 2/16: *NOT* copying 'E:/1KMD璇剧▼/Research/Illumination Guided LOD/IDPM/OpenMesh-9.0/OpenMesh-9.0.0/build/Build/Analyzer.exe'
  -- 3/16: *NOT* copying 'E:/1KMD璇剧▼/Research/Illumination Guided LOD/IDPM/OpenMesh-9.0/OpenMesh-9.0.0/build/Build/Dualizer.exe'
  -- 4/16: *NOT* copying 'E:/1KMD璇剧▼/Research/Illumination Guided LOD/IDPM/OpenMesh-9.0/OpenMesh-9.0.0/build/Build/commandlineAdaptiveSubdivider.exe'
  -- 5/16: *NOT* copying 'E:/1KMD璇剧▼/Research/Illumination Guided LOD/IDPM/OpenMesh-9.0/OpenMesh-9.0.0/build/Build/commandlineDecimater.exe'
  -- 6/16: *NOT* copying 'E:/1KMD璇剧▼/Research/Illumination Guided LOD/IDPM/OpenMesh-9.0/OpenMesh-9.0.0/build/Build/commandlineSubdivider.exe'
  -- 7/16: *NOT* copying 'E:/1KMD璇剧▼/Research/Illumination Guided LOD/IDPM/OpenMesh-9.0/OpenMesh-9.0.0/build/Build/mconvert.exe'
  -- 8/16: *NOT* copying 'E:/1KMD璇剧▼/Research/Illumination Guided LOD/IDPM/OpenMesh-9.0/OpenMesh-9.0.0/build/Build/mkbalancedpm.exe'
  -- fixup_bundle: fixing...
  -- 9/16: fix-up not required on this platform 'E:/1KMD璇剧▼/Research/Illumination Guided LOD/IDPM/OpenMesh-9.0/OpenMesh-9.0.0/build/Build/Smoothing.exe'
  -- 10/16: fix-up not required on this platform 'E:/1KMD璇剧▼/Research/Illumination Guided LOD/IDPM/OpenMesh-9.0/OpenMesh-9.0.0/build/Build/Analyzer.exe'
  -- 11/16: fix-up not required on this platform 'E:/1KMD璇剧▼/Research/Illumination Guided LOD/IDPM/OpenMesh-9.0/OpenMesh-9.0.0/build/Build/Dualizer.exe'
  -- 12/16: fix-up not required on this platform 'E:/1KMD璇剧▼/Research/Illumination Guided LOD/IDPM/OpenMesh-9.0/OpenMesh-9.0.0/build/Build/commandlineAdaptiveSubdivider.exe'
  -- 13/16: fix-up not required on this platform 'E:/1KMD璇剧▼/Research/Illumination Guided LOD/IDPM/OpenMesh-9.0/OpenMesh-9.0.0/build/Build/commandlineDecimater.exe'
  -- 14/16: fix-up not required on this platform 'E:/1KMD璇剧▼/Research/Illumination Guided LOD/IDPM/OpenMesh-9.0/OpenMesh-9.0.0/build/Build/commandlineSubdivider.exe'
  -- 15/16: fix-up not required on this platform 'E:/1KMD璇剧▼/Research/Illumination Guided LOD/IDPM/OpenMesh-9.0/OpenMesh-9.0.0/build/Build/mconvert.exe'
  -- 16/16: fix-up not required on this platform 'E:/1KMD璇剧▼/Research/Illumination Guided LOD/IDPM/OpenMesh-9.0/OpenMesh-9.0.0/build/Build/mkbalancedpm.exe'
  -- fixup_bundle: cleaning up...
  -- fixup_bundle: verifying...
  -- ===========================================================================
  -- Analyzing app='E:/1KMD璇剧▼/Research/Illumination Guided LOD/IDPM/OpenMesh-9.0/OpenMesh-9.0.0/build/Build/Smoothing.exe'
  -- bundle='E:/1KMD璇剧▼/Research/Illumination Guided LOD/IDPM/OpenMesh-9.0/OpenMesh-9.0.0/build/Build'
  -- executable='E:/1KMD璇剧▼/Research/Illumination Guided LOD/IDPM/OpenMesh-9.0/OpenMesh-9.0.0/build/Build/Smoothing.exe'
  -- valid='1'
  -- executable file 1: E:/1KMD璇剧▼/Research/Illumination Guided LOD/IDPM/OpenMesh-9.0/OpenMesh-9.0.0/build/Build/Analyzer.exe
  -- executable file 2: E:/1KMD璇剧▼/Research/Illumination Guided LOD/IDPM/OpenMesh-9.0/OpenMesh-9.0.0/build/Build/Dualizer.exe
  -- executable file 3: E:/1KMD璇剧▼/Research/Illumination Guided LOD/IDPM/OpenMesh-9.0/OpenMesh-9.0.0/build/Build/Smoothing.exe
  -- executable file 4: E:/1KMD璇剧▼/Research/Illumination Guided LOD/IDPM/OpenMesh-9.0/OpenMesh-9.0.0/build/Build/commandlineAdaptiveSubdivider.exe
  -- executable file 5: E:/1KMD璇剧▼/Research/Illumination Guided LOD/IDPM/OpenMesh-9.0/OpenMesh-9.0.0/build/Build/commandlineDecimater.exe
  -- executable file 6: E:/1KMD璇剧▼/Research/Illumination Guided LOD/IDPM/OpenMesh-9.0/OpenMesh-9.0.0/build/Build/commandlineSubdivider.exe
  -- executable file 7: E:/1KMD璇剧▼/Research/Illumination Guided LOD/IDPM/OpenMesh-9.0/OpenMesh-9.0.0/build/Build/mconvert.exe
  -- executable file 8: E:/1KMD璇剧▼/Research/Illumination Guided LOD/IDPM/OpenMesh-9.0/OpenMesh-9.0.0/build/Build/mkbalancedpm.exe
  -- verified='1'
  -- info='Verified 8 executable files in 'E:/1KMD璇剧▼/Research/Illumination Guided LOD/IDPM/OpenMesh-9.0/OpenMesh-9.0.0/build/Build''
  -- 
  -- verified='1'
  -- info=''
  -- 
  -- fixup_bundle: done
  Building Custom Rule E:/1KMD课程/Research/Illumination Guided LOD/IDPM/OpenMesh-9.0/OpenMesh-9.0.0/CMakeLists.txt
