e:\1kmd课程\research\illumination guided lod\idpm\openmesh-9.0\openmesh-9.0.0\build\src\openmesh\core\openmeshcore.dir\release\triconnectivity.obj
e:\1kmd课程\research\illumination guided lod\idpm\openmesh-9.0\openmesh-9.0.0\build\src\openmesh\core\openmeshcore.dir\release\polyconnectivity.obj
e:\1kmd课程\research\illumination guided lod\idpm\openmesh-9.0\openmesh-9.0.0\build\src\openmesh\core\openmeshcore.dir\release\basekernel.obj
e:\1kmd课程\research\illumination guided lod\idpm\openmesh-9.0\openmesh-9.0.0\build\src\openmesh\core\openmeshcore.dir\release\arraykernel.obj
e:\1kmd课程\research\illumination guided lod\idpm\openmesh-9.0\openmesh-9.0.0\build\src\openmesh\core\openmeshcore.dir\release\vtkwriter.obj
e:\1kmd课程\research\illumination guided lod\idpm\openmesh-9.0\openmesh-9.0.0\build\src\openmesh\core\openmeshcore.dir\release\stlwriter.obj
e:\1kmd课程\research\illumination guided lod\idpm\openmesh-9.0\openmesh-9.0.0\build\src\openmesh\core\openmeshcore.dir\release\plywriter.obj
e:\1kmd课程\research\illumination guided lod\idpm\openmesh-9.0\openmesh-9.0.0\build\src\openmesh\core\openmeshcore.dir\release\omwriter.obj
e:\1kmd课程\research\illumination guided lod\idpm\openmesh-9.0\openmesh-9.0.0\build\src\openmesh\core\openmeshcore.dir\release\offwriter.obj
e:\1kmd课程\research\illumination guided lod\idpm\openmesh-9.0\openmesh-9.0.0\build\src\openmesh\core\openmeshcore.dir\release\objwriter.obj
e:\1kmd课程\research\illumination guided lod\idpm\openmesh-9.0\openmesh-9.0.0\build\src\openmesh\core\openmeshcore.dir\release\basewriter.obj
e:\1kmd课程\research\illumination guided lod\idpm\openmesh-9.0\openmesh-9.0.0\build\src\openmesh\core\openmeshcore.dir\release\stlreader.obj
e:\1kmd课程\research\illumination guided lod\idpm\openmesh-9.0\openmesh-9.0.0\build\src\openmesh\core\openmeshcore.dir\release\plyreader.obj
e:\1kmd课程\research\illumination guided lod\idpm\openmesh-9.0\openmesh-9.0.0\build\src\openmesh\core\openmeshcore.dir\release\omreader.obj
e:\1kmd课程\research\illumination guided lod\idpm\openmesh-9.0\openmesh-9.0.0\build\src\openmesh\core\openmeshcore.dir\release\offreader.obj
e:\1kmd课程\research\illumination guided lod\idpm\openmesh-9.0\openmesh-9.0.0\build\src\openmesh\core\openmeshcore.dir\release\objreader.obj
e:\1kmd课程\research\illumination guided lod\idpm\openmesh-9.0\openmesh-9.0.0\build\src\openmesh\core\openmeshcore.dir\release\basereader.obj
e:\1kmd课程\research\illumination guided lod\idpm\openmesh-9.0\openmesh-9.0.0\build\src\openmesh\core\openmeshcore.dir\release\omformat.obj
e:\1kmd课程\research\illumination guided lod\idpm\openmesh-9.0\openmesh-9.0.0\build\src\openmesh\core\openmeshcore.dir\release\iomanager.obj
e:\1kmd课程\research\illumination guided lod\idpm\openmesh-9.0\openmesh-9.0.0\build\src\openmesh\core\openmeshcore.dir\release\binaryhelper.obj
e:\1kmd课程\research\illumination guided lod\idpm\openmesh-9.0\openmesh-9.0.0\build\src\openmesh\core\openmeshcore.dir\release\randomnumbergenerator.obj
e:\1kmd课程\research\illumination guided lod\idpm\openmesh-9.0\openmesh-9.0.0\build\src\openmesh\core\openmeshcore.dir\release\propertycreator.obj
e:\1kmd课程\research\illumination guided lod\idpm\openmesh-9.0\openmesh-9.0.0\build\src\openmesh\core\openmeshcore.dir\release\endian.obj
e:\1kmd课程\research\illumination guided lod\idpm\openmesh-9.0\openmesh-9.0.0\build\src\openmesh\core\openmeshcore.dir\release\baseproperty.obj
e:\1kmd课程\research\illumination guided lod\idpm\openmesh-9.0\openmesh-9.0.0\build\src\openmesh\core\openmeshcore.dir\release\omstream.obj
e:\1kmd课程\research\illumination guided lod\idpm\openmesh-9.0\openmesh-9.0.0\build\src\openmesh\core\cmakefiles\generate.stamp
e:\1kmd课程\research\illumination guided lod\idpm\openmesh-9.0\openmesh-9.0.0\build\src\openmesh\core\release\openmeshcore.lib
e:\1kmd课程\research\illumination guided lod\idpm\openmesh-9.0\openmesh-9.0.0\build\src\openmesh\core\openmeshcore.dir\release\openmeshcore.tlog\cl.command.1.tlog
e:\1kmd课程\research\illumination guided lod\idpm\openmesh-9.0\openmesh-9.0.0\build\src\openmesh\core\openmeshcore.dir\release\openmeshcore.tlog\cl.read.1.tlog
e:\1kmd课程\research\illumination guided lod\idpm\openmesh-9.0\openmesh-9.0.0\build\src\openmesh\core\openmeshcore.dir\release\openmeshcore.tlog\cl.write.1.tlog
e:\1kmd课程\research\illumination guided lod\idpm\openmesh-9.0\openmesh-9.0.0\build\src\openmesh\core\openmeshcore.dir\release\openmeshcore.tlog\custombuild.command.1.tlog
e:\1kmd课程\research\illumination guided lod\idpm\openmesh-9.0\openmesh-9.0.0\build\src\openmesh\core\openmeshcore.dir\release\openmeshcore.tlog\custombuild.read.1.tlog
e:\1kmd课程\research\illumination guided lod\idpm\openmesh-9.0\openmesh-9.0.0\build\src\openmesh\core\openmeshcore.dir\release\openmeshcore.tlog\custombuild.write.1.tlog
e:\1kmd课程\research\illumination guided lod\idpm\openmesh-9.0\openmesh-9.0.0\build\src\openmesh\core\openmeshcore.dir\release\openmeshcore.tlog\lib-link.read.1.tlog
e:\1kmd课程\research\illumination guided lod\idpm\openmesh-9.0\openmesh-9.0.0\build\src\openmesh\core\openmeshcore.dir\release\openmeshcore.tlog\lib-link.write.1.tlog
e:\1kmd课程\research\illumination guided lod\idpm\openmesh-9.0\openmesh-9.0.0\build\src\openmesh\core\openmeshcore.dir\release\openmeshcore.tlog\lib.command.1.tlog
