E:\vs\Common7\IDE\VC\VCTargets\Microsoft.CppClean.targets(76,5): warning : 文件“e:\1kmd课程\research\illumination guided lod\idpm\openmesh-9.0\openmesh-9.0.0\build\src\openmesh\core\openmeshcore.dir\release\plyreader.obj”正由另一进程使用，因此该进程无法访问此文件。
  Building Custom Rule E:/1KMD课程/Research/Illumination Guided LOD/IDPM/OpenMesh-9.0/OpenMesh-9.0.0/src/OpenMesh/Core/CMakeLists.txt
  BinaryHelper.cc
  IOManager.cc
  OMFormat.cc
  BaseReader.cc
  OBJReader.cc
  OFFReader.cc
  OMReader.cc
  PLYReader.cc
  STLReader.cc
  BaseWriter.cc
  OBJWriter.cc
  OFFWriter.cc
  OMWriter.cc
  PLYWriter.cc
  STLWriter.cc
  VTKWriter.cc
  ArrayKernel.cc
  BaseKernel.cc
  PolyConnectivity.cc
  TriConnectivity.cc
  正在生成代码...
  正在编译...
  omstream.cc
  BaseProperty.cc
  Endian.cc
  PropertyCreator.cc
  RandomNumberGenerator.cc
  正在生成代码...
  OpenMeshCore.vcxproj -> E:\1KMD课程\Research\Illumination Guided LOD\IDPM\OpenMesh-9.0\OpenMesh-9.0.0\build\src\OpenMesh\Core\Release\OpenMeshCore.lib
