  autofit.c
  ftbase.c
  ftbbox.c
  ftbdf.c
  ftbitmap.c
  ftcid.c
  ftfstype.c
  ftgasp.c
  ftglyph.c
  ftgxval.c
  ftinit.c
  ftmm.c
e:\demo\openpr\freetype-2.10.0\src\autofit\afscript.h : warning C4819: 该文件包含不能在当前代码页(936)中表示的字符。请将该文件保存为 Unicode 格式以防止数据丢失 (编译源文件 ..\..\..\src\autofit\autofit.c)
e:\demo\openpr\freetype-2.10.0\src\autofit\afblue.c : warning C4819: 该文件包含不能在当前代码页(936)中表示的字符。请将该文件保存为 Unicode 格式以防止数据丢失 (编译源文件 ..\..\..\src\autofit\autofit.c)
e:\demo\openpr\freetype-2.10.0\src\autofit\afblue.c(256): warning C4819: 该文件包含不能在当前代码页(936)中表示的字符。请将该文件保存为 Unicode 格式以防止数据丢失 (编译源文件 ..\..\..\src\autofit\autofit.c)
e:\demo\openpr\freetype-2.10.0\src\autofit\afscript.h : warning C4819: 该文件包含不能在当前代码页(936)中表示的字符。请将该文件保存为 Unicode 格式以防止数据丢失 (编译源文件 ..\..\..\src\autofit\autofit.c)
e:\demo\openpr\freetype-2.10.0\src\autofit\afscript.h : warning C4819: 该文件包含不能在当前代码页(936)中表示的字符。请将该文件保存为 Unicode 格式以防止数据丢失 (编译源文件 ..\..\..\src\autofit\autofit.c)
e:\demo\openpr\freetype-2.10.0\src\autofit\afscript.h : warning C4819: 该文件包含不能在当前代码页(936)中表示的字符。请将该文件保存为 Unicode 格式以防止数据丢失 (编译源文件 ..\..\..\src\autofit\autofit.c)
e:\demo\openpr\freetype-2.10.0\src\autofit\afscript.h : warning C4819: 该文件包含不能在当前代码页(936)中表示的字符。请将该文件保存为 Unicode 格式以防止数据丢失 (编译源文件 ..\..\..\src\autofit\autofit.c)
e:\demo\openpr\freetype-2.10.0\src\autofit\afscript.h : warning C4819: 该文件包含不能在当前代码页(936)中表示的字符。请将该文件保存为 Unicode 格式以防止数据丢失 (编译源文件 ..\..\..\src\autofit\autofit.c)
  ftotval.c
  ftpatent.c
  ftpfr.c
  ftstroke.c
  ftsynth.c
  ftsystem.c
  fttype1.c
  ftwinfnt.c
  bdf.c
  ftcache.c
  cff.c
  type1cid.c
  ftgzip.c
  ftlzw.c
  pcf.c
  pfr.c
  psaux.c
  pshinter.c
  psmodule.c
  raster.c
  sfnt.c
  smooth.c
  truetype.c
  type1.c
  type42.c
  winfnt.c
e:\demo\openpr\freetype-2.10.0\src\sfnt\sfdriver.c(846): warning C4267: “=”: 从“size_t”转换到“FT_UInt”，可能丢失数据 (编译源文件 ..\..\..\src\sfnt\sfnt.c)
e:\demo\openpr\freetype-2.10.0\src\smooth\ftgrays.c(1700): warning C4267: “+=”: 从“size_t”转换到“TCoord”，可能丢失数据 (编译源文件 ..\..\..\src\smooth\smooth.c)
e:\demo\openpr\freetype-2.10.0\src\sfnt\sfdriver.c(997): warning C4244: “函数”: 从“__int64”转换到“const unsigned int”，可能丢失数据 (编译源文件 ..\..\..\src\sfnt\sfnt.c)
e:\demo\openpr\freetype-2.10.0\src\truetype\ttgload.c(1817): warning C4312: “类型强制转换”: 从“unsigned long”转换到更大的“void *” (编译源文件 ..\..\..\src\truetype\truetype.c)
e:\demo\openpr\freetype-2.10.0\src\psaux\psintrp.c(1005): warning C4267: “=”: 从“size_t”转换到“FT_Fast”，可能丢失数据 (编译源文件 ..\..\..\src\psaux\psaux.c)
e:\demo\openpr\freetype-2.10.0\src\sfnt\ttcolr.c(127): warning C4018: “>”: 有符号/无符号不匹配 (编译源文件 ..\..\..\src\sfnt\sfnt.c)
e:\demo\openpr\freetype-2.10.0\src\sfnt\ttcolr.c(136): warning C4018: “>”: 有符号/无符号不匹配 (编译源文件 ..\..\..\src\sfnt\sfnt.c)
e:\demo\openpr\freetype-2.10.0\src\sfnt\ttcpal.c(121): warning C4018: “>”: 有符号/无符号不匹配 (编译源文件 ..\..\..\src\sfnt\sfnt.c)
e:\demo\openpr\freetype-2.10.0\src\sfnt\ttcpal.c(153): warning C4018: “>”: 有符号/无符号不匹配 (编译源文件 ..\..\..\src\sfnt\sfnt.c)
e:\demo\openpr\freetype-2.10.0\src\sfnt\ttcpal.c(174): warning C4018: “>”: 有符号/无符号不匹配 (编译源文件 ..\..\..\src\sfnt\sfnt.c)
e:\demo\openpr\freetype-2.10.0\src\sfnt\ttcpal.c(195): warning C4018: “>”: 有符号/无符号不匹配 (编译源文件 ..\..\..\src\sfnt\sfnt.c)
e:\demo\openpr\freetype-2.10.0\src\sfnt\ttload.c : warning C4819: 该文件包含不能在当前代码页(936)中表示的字符。请将该文件保存为 Unicode 格式以防止数据丢失 (编译源文件 ..\..\..\src\sfnt\sfnt.c)
e:\demo\openpr\freetype-2.10.0\src\truetype\ttobjs.c(1034): warning C4819: 该文件包含不能在当前代码页(936)中表示的字符。请将该文件保存为 Unicode 格式以防止数据丢失 (编译源文件 ..\..\..\src\truetype\truetype.c)
e:\demo\openpr\freetype-2.10.0\src\type1\t1driver.c(277): warning C4267: “=”: 从“size_t”转换到“FT_ULong”，可能丢失数据 (编译源文件 ..\..\..\src\type1\type1.c)
e:\demo\openpr\freetype-2.10.0\src\type1\t1driver.c(298): warning C4267: “=”: 从“size_t”转换到“FT_ULong”，可能丢失数据 (编译源文件 ..\..\..\src\type1\type1.c)
e:\demo\openpr\freetype-2.10.0\src\type1\t1driver.c(330): warning C4267: “=”: 从“size_t”转换到“FT_ULong”，可能丢失数据 (编译源文件 ..\..\..\src\type1\type1.c)
e:\demo\openpr\freetype-2.10.0\src\type1\t1driver.c(360): warning C4267: “=”: 从“size_t”转换到“FT_UInt”，可能丢失数据 (编译源文件 ..\..\..\src\type1\type1.c)
e:\demo\openpr\freetype-2.10.0\src\type1\t1driver.c(569): warning C4267: “=”: 从“size_t”转换到“FT_ULong”，可能丢失数据 (编译源文件 ..\..\..\src\type1\type1.c)
e:\demo\openpr\freetype-2.10.0\src\type1\t1driver.c(578): warning C4267: “=”: 从“size_t”转换到“FT_ULong”，可能丢失数据 (编译源文件 ..\..\..\src\type1\type1.c)
e:\demo\openpr\freetype-2.10.0\src\type1\t1driver.c(587): warning C4267: “=”: 从“size_t”转换到“FT_ULong”，可能丢失数据 (编译源文件 ..\..\..\src\type1\type1.c)
e:\demo\openpr\freetype-2.10.0\src\type1\t1driver.c(596): warning C4267: “=”: 从“size_t”转换到“FT_ULong”，可能丢失数据 (编译源文件 ..\..\..\src\type1\type1.c)
e:\demo\openpr\freetype-2.10.0\src\type1\t1driver.c(606): warning C4267: “=”: 从“size_t”转换到“FT_ULong”，可能丢失数据 (编译源文件 ..\..\..\src\type1\type1.c)
e:\demo\openpr\freetype-2.10.0\src\truetype\ttgxvar.c(2196): warning C4701: 使用了可能未初始化的局部变量“fvar_head”
e:\demo\openpr\freetype-2.10.0\src\type1\t1load.c(1742): warning C4244: “=”: 从“__int64”转换到“FT_Int”，可能丢失数据 (编译源文件 ..\..\..\src\type1\type1.c)
e:\demo\openpr\freetype-2.10.0\src\type1\t1load.c(1912): warning C4244: “=”: 从“__int64”转换到“FT_Int”，可能丢失数据 (编译源文件 ..\..\..\src\type1\type1.c)
e:\demo\openpr\freetype-2.10.0\src\type42\t42parse.c(836): warning C4244: “=”: 从“__int64”转换到“FT_Int”，可能丢失数据 (编译源文件 ..\..\..\src\type42\type42.c)
  ftdebug.c
    正在创建库 ..\..\..\objs\x64\Debug\freetype.lib 和对象 ..\..\..\objs\x64\Debug\freetype.exp
  freetype.vcxproj -> E:\demo\Openpr\freetype-2.10.0\builds\windows\vc2010\..\..\..\objs\x64\Debug\freetype.dll
