e:\1kmd课程\research\illumination guided lod\idpm\openmesh-9.0\openmesh-9.0.0\build\src\openmesh\tools\openmeshtools.dir\debug\openmeshtools.pdb
e:\1kmd课程\research\illumination guided lod\idpm\openmesh-9.0\openmesh-9.0.0\build\src\openmesh\tools\openmeshtools.dir\debug\viewingparameters.obj
e:\1kmd课程\research\illumination guided lod\idpm\openmesh-9.0\openmesh-9.0.0\build\src\openmesh\tools\openmeshtools.dir\debug\vhierarchywindow.obj
e:\1kmd课程\research\illumination guided lod\idpm\openmesh-9.0\openmesh-9.0.0\build\src\openmesh\tools\openmeshtools.dir\debug\vhierarchynodeindex.obj
e:\1kmd课程\research\illumination guided lod\idpm\openmesh-9.0\openmesh-9.0.0\build\src\openmesh\tools\openmeshtools.dir\debug\vhierarchy.obj
e:\1kmd课程\research\illumination guided lod\idpm\openmesh-9.0\openmesh-9.0.0\build\src\openmesh\tools\openmeshtools.dir\debug\vfront.obj
e:\1kmd课程\research\illumination guided lod\idpm\openmesh-9.0\openmesh-9.0.0\build\src\openmesh\tools\openmeshtools.dir\debug\conio.obj
e:\1kmd课程\research\illumination guided lod\idpm\openmesh-9.0\openmesh-9.0.0\build\src\openmesh\tools\openmeshtools.dir\debug\timer.obj
e:\1kmd课程\research\illumination guided lod\idpm\openmesh-9.0\openmesh-9.0.0\build\src\openmesh\tools\openmeshtools.dir\debug\gnuplot.obj
e:\1kmd课程\research\illumination guided lod\idpm\openmesh-9.0\openmesh-9.0.0\build\src\openmesh\tools\openmeshtools.dir\debug\observer.obj
e:\1kmd课程\research\illumination guided lod\idpm\openmesh-9.0\openmesh-9.0.0\build\src\openmesh\tools\openmeshtools.dir\debug\getopt.obj
e:\1kmd课程\research\illumination guided lod\idpm\openmesh-9.0\openmesh-9.0.0\build\src\openmesh\tools\cmakefiles\generate.stamp
e:\1kmd课程\research\illumination guided lod\idpm\openmesh-9.0\openmesh-9.0.0\build\src\openmesh\tools\debug\openmeshtoolsd.lib
e:\1kmd课程\research\illumination guided lod\idpm\openmesh-9.0\openmesh-9.0.0\build\src\openmesh\tools\openmeshtools.dir\debug\openmeshtools.tlog\cl.command.1.tlog
e:\1kmd课程\research\illumination guided lod\idpm\openmesh-9.0\openmesh-9.0.0\build\src\openmesh\tools\openmeshtools.dir\debug\openmeshtools.tlog\cl.read.1.tlog
e:\1kmd课程\research\illumination guided lod\idpm\openmesh-9.0\openmesh-9.0.0\build\src\openmesh\tools\openmeshtools.dir\debug\openmeshtools.tlog\cl.write.1.tlog
e:\1kmd课程\research\illumination guided lod\idpm\openmesh-9.0\openmesh-9.0.0\build\src\openmesh\tools\openmeshtools.dir\debug\openmeshtools.tlog\custombuild.command.1.tlog
e:\1kmd课程\research\illumination guided lod\idpm\openmesh-9.0\openmesh-9.0.0\build\src\openmesh\tools\openmeshtools.dir\debug\openmeshtools.tlog\custombuild.read.1.tlog
e:\1kmd课程\research\illumination guided lod\idpm\openmesh-9.0\openmesh-9.0.0\build\src\openmesh\tools\openmeshtools.dir\debug\openmeshtools.tlog\custombuild.write.1.tlog
e:\1kmd课程\research\illumination guided lod\idpm\openmesh-9.0\openmesh-9.0.0\build\src\openmesh\tools\openmeshtools.dir\debug\openmeshtools.tlog\lib-link.read.1.tlog
e:\1kmd课程\research\illumination guided lod\idpm\openmesh-9.0\openmesh-9.0.0\build\src\openmesh\tools\openmeshtools.dir\debug\openmeshtools.tlog\lib-link.write.1.tlog
e:\1kmd课程\research\illumination guided lod\idpm\openmesh-9.0\openmesh-9.0.0\build\src\openmesh\tools\openmeshtools.dir\debug\openmeshtools.tlog\lib.command.1.tlog
