e:\1kmd课程\research\illumination guided lod\idpm\openmesh-9.0\openmesh-9.0.0\build\src\openmesh\apps\vdprogmesh\synthesizer\synthesizer.dir\debug\vc141.pdb
e:\1kmd课程\research\illumination guided lod\idpm\openmesh-9.0\openmesh-9.0.0\build\src\openmesh\apps\vdprogmesh\synthesizer\synthesizer.dir\debug\vdpmsynthesizerviewerwidget.obj
e:\1kmd课程\research\illumination guided lod\idpm\openmesh-9.0\openmesh-9.0.0\build\src\openmesh\apps\vdprogmesh\synthesizer\synthesizer.dir\debug\vdpmsynthesizer.obj
e:\1kmd课程\research\illumination guided lod\idpm\openmesh-9.0\openmesh-9.0.0\build\src\openmesh\apps\vdprogmesh\synthesizer\synthesizer.dir\debug\qglviewerwidget.obj
e:\1kmd课程\research\illumination guided lod\idpm\openmesh-9.0\openmesh-9.0.0\build\src\openmesh\apps\vdprogmesh\synthesizer\synthesizer.dir\debug\mocs_compilation.obj
e:\1kmd课程\research\illumination guided lod\idpm\openmesh-9.0\openmesh-9.0.0\build\src\openmesh\apps\vdprogmesh\synthesizer\synthesizer.dir\debug\glad.obj
e:\1kmd课程\research\illumination guided lod\idpm\openmesh-9.0\openmesh-9.0.0\build\src\openmesh\apps\vdprogmesh\synthesizer\cmakefiles\generate.stamp
e:\1kmd课程\research\illumination guided lod\idpm\openmesh-9.0\openmesh-9.0.0\build\src\openmesh\apps\vdprogmesh\synthesizer\debug\synthesizer.pdb
e:\1kmd课程\research\illumination guided lod\idpm\openmesh-9.0\openmesh-9.0.0\build\src\openmesh\apps\vdprogmesh\synthesizer\synthesizer.dir\debug\synthesizer.tlog\cl.command.1.tlog
e:\1kmd课程\research\illumination guided lod\idpm\openmesh-9.0\openmesh-9.0.0\build\src\openmesh\apps\vdprogmesh\synthesizer\synthesizer.dir\debug\synthesizer.tlog\cl.read.1.tlog
e:\1kmd课程\research\illumination guided lod\idpm\openmesh-9.0\openmesh-9.0.0\build\src\openmesh\apps\vdprogmesh\synthesizer\synthesizer.dir\debug\synthesizer.tlog\cl.write.1.tlog
e:\1kmd课程\research\illumination guided lod\idpm\openmesh-9.0\openmesh-9.0.0\build\src\openmesh\apps\vdprogmesh\synthesizer\synthesizer.dir\debug\synthesizer.tlog\custombuild.command.1.tlog
e:\1kmd课程\research\illumination guided lod\idpm\openmesh-9.0\openmesh-9.0.0\build\src\openmesh\apps\vdprogmesh\synthesizer\synthesizer.dir\debug\synthesizer.tlog\custombuild.read.1.tlog
e:\1kmd课程\research\illumination guided lod\idpm\openmesh-9.0\openmesh-9.0.0\build\src\openmesh\apps\vdprogmesh\synthesizer\synthesizer.dir\debug\synthesizer.tlog\custombuild.write.1.tlog
e:\1kmd课程\research\illumination guided lod\idpm\openmesh-9.0\openmesh-9.0.0\build\src\openmesh\apps\vdprogmesh\synthesizer\synthesizer.dir\debug\synthesizer.tlog\link-cvtres.read.1.tlog
e:\1kmd课程\research\illumination guided lod\idpm\openmesh-9.0\openmesh-9.0.0\build\src\openmesh\apps\vdprogmesh\synthesizer\synthesizer.dir\debug\synthesizer.tlog\link-cvtres.write.1.tlog
e:\1kmd课程\research\illumination guided lod\idpm\openmesh-9.0\openmesh-9.0.0\build\src\openmesh\apps\vdprogmesh\synthesizer\synthesizer.dir\debug\synthesizer.tlog\link-rc.read.1.tlog
e:\1kmd课程\research\illumination guided lod\idpm\openmesh-9.0\openmesh-9.0.0\build\src\openmesh\apps\vdprogmesh\synthesizer\synthesizer.dir\debug\synthesizer.tlog\link-rc.write.1.tlog
e:\1kmd课程\research\illumination guided lod\idpm\openmesh-9.0\openmesh-9.0.0\build\src\openmesh\apps\vdprogmesh\synthesizer\synthesizer.dir\debug\synthesizer.tlog\link.command.1.tlog
e:\1kmd课程\research\illumination guided lod\idpm\openmesh-9.0\openmesh-9.0.0\build\src\openmesh\apps\vdprogmesh\synthesizer\synthesizer.dir\debug\synthesizer.tlog\link.read.1.tlog
e:\1kmd课程\research\illumination guided lod\idpm\openmesh-9.0\openmesh-9.0.0\build\src\openmesh\apps\vdprogmesh\synthesizer\synthesizer.dir\debug\synthesizer.tlog\link.write.1.tlog
