e:\1kmd课程\research\illumination guided lod\idpm\openmesh-9.0\openmesh-9.0.0\build\src\openmesh\apps\vdprogmesh\synthesizer\synthesizer.dir\release\stb_image.obj
e:\1kmd课程\research\illumination guided lod\idpm\openmesh-9.0\openmesh-9.0.0\build\src\openmesh\apps\vdprogmesh\synthesizer\synthesizer.dir\release\vdpmsynthesizerviewerwidget.obj
e:\1kmd课程\research\illumination guided lod\idpm\openmesh-9.0\openmesh-9.0.0\build\src\openmesh\apps\vdprogmesh\synthesizer\synthesizer.dir\release\vdpmsynthesizer.obj
e:\1kmd课程\research\illumination guided lod\idpm\openmesh-9.0\openmesh-9.0.0\build\src\openmesh\apps\vdprogmesh\synthesizer\synthesizer.dir\release\qglviewerwidget.obj
e:\1kmd课程\research\illumination guided lod\idpm\openmesh-9.0\openmesh-9.0.0\build\src\openmesh\apps\vdprogmesh\synthesizer\synthesizer.dir\release\mocs_compilation.obj
e:\1kmd课程\research\illumination guided lod\idpm\openmesh-9.0\openmesh-9.0.0\build\src\openmesh\apps\vdprogmesh\synthesizer\synthesizer.dir\release\drawnpr.obj
e:\1kmd课程\research\illumination guided lod\idpm\openmesh-9.0\openmesh-9.0.0\build\src\openmesh\apps\vdprogmesh\synthesizer\cmakefiles\generate.stamp
e:\1kmd课程\research\illumination guided lod\idpm\openmesh-9.0\openmesh-9.0.0\build\src\openmesh\apps\vdprogmesh\synthesizer\synthesizer.dir\release\synthesizer.tlog\cl.command.1.tlog
e:\1kmd课程\research\illumination guided lod\idpm\openmesh-9.0\openmesh-9.0.0\build\src\openmesh\apps\vdprogmesh\synthesizer\synthesizer.dir\release\synthesizer.tlog\cl.read.1.tlog
e:\1kmd课程\research\illumination guided lod\idpm\openmesh-9.0\openmesh-9.0.0\build\src\openmesh\apps\vdprogmesh\synthesizer\synthesizer.dir\release\synthesizer.tlog\cl.write.1.tlog
e:\1kmd课程\research\illumination guided lod\idpm\openmesh-9.0\openmesh-9.0.0\build\src\openmesh\apps\vdprogmesh\synthesizer\synthesizer.dir\release\synthesizer.tlog\custombuild.command.1.tlog
e:\1kmd课程\research\illumination guided lod\idpm\openmesh-9.0\openmesh-9.0.0\build\src\openmesh\apps\vdprogmesh\synthesizer\synthesizer.dir\release\synthesizer.tlog\custombuild.read.1.tlog
e:\1kmd课程\research\illumination guided lod\idpm\openmesh-9.0\openmesh-9.0.0\build\src\openmesh\apps\vdprogmesh\synthesizer\synthesizer.dir\release\synthesizer.tlog\custombuild.write.1.tlog
e:\1kmd课程\research\illumination guided lod\idpm\openmesh-9.0\openmesh-9.0.0\build\src\openmesh\apps\vdprogmesh\synthesizer\synthesizer.dir\release\synthesizer.tlog\link-cvtres.read.1.tlog
e:\1kmd课程\research\illumination guided lod\idpm\openmesh-9.0\openmesh-9.0.0\build\src\openmesh\apps\vdprogmesh\synthesizer\synthesizer.dir\release\synthesizer.tlog\link-cvtres.write.1.tlog
e:\1kmd课程\research\illumination guided lod\idpm\openmesh-9.0\openmesh-9.0.0\build\src\openmesh\apps\vdprogmesh\synthesizer\synthesizer.dir\release\synthesizer.tlog\link-rc.read.1.tlog
e:\1kmd课程\research\illumination guided lod\idpm\openmesh-9.0\openmesh-9.0.0\build\src\openmesh\apps\vdprogmesh\synthesizer\synthesizer.dir\release\synthesizer.tlog\link-rc.write.1.tlog
e:\1kmd课程\research\illumination guided lod\idpm\openmesh-9.0\openmesh-9.0.0\build\src\openmesh\apps\vdprogmesh\synthesizer\synthesizer.dir\release\synthesizer.tlog\link.command.1.tlog
e:\1kmd课程\research\illumination guided lod\idpm\openmesh-9.0\openmesh-9.0.0\build\src\openmesh\apps\vdprogmesh\synthesizer\synthesizer.dir\release\synthesizer.tlog\link.read.1.tlog
e:\1kmd课程\research\illumination guided lod\idpm\openmesh-9.0\openmesh-9.0.0\build\src\openmesh\apps\vdprogmesh\synthesizer\synthesizer.dir\release\synthesizer.tlog\link.write.1.tlog
