  Building Custom Rule E:/1KMD课程/Research/Illumination Guided LOD/IDPM/OpenMesh-9.0/OpenMesh-9.0.0/src/OpenMesh/Core/CMakeLists.txt
  BinaryHelper.cc
  IOManager.cc
  OMFormat.cc
  BaseReader.cc
  OBJReader.cc
  OFFReader.cc
  OMReader.cc
  PLYReader.cc
  STLReader.cc
  BaseWriter.cc
  OBJWriter.cc
  OFFWriter.cc
  OMWriter.cc
  PLYWriter.cc
  STLWriter.cc
  VTKWriter.cc
  ArrayKernel.cc
  BaseKernel.cc
  PolyConnectivity.cc
  TriConnectivity.cc
  正在生成代码...
  正在编译...
  omstream.cc
  BaseProperty.cc
  Endian.cc
  PropertyCreator.cc
  RandomNumberGenerator.cc
  正在生成代码...
  OpenMeshCore.vcxproj -> E:\1KMD课程\Research\Illumination Guided LOD\IDPM\OpenMesh-9.0\OpenMesh-9.0.0\build\src\OpenMesh\Core\Debug\OpenMeshCored.lib
