e:\1kmd课程\research\illumination guided lod\idpm\openmesh-9.0\openmesh-9.0.0\build\cmakefiles\generate.stamp
e:\1kmd课程\research\illumination guided lod\idpm\openmesh-9.0\openmesh-9.0.0\build\src\openmesh\core\cmakefiles\generate.stamp
e:\1kmd课程\research\illumination guided lod\idpm\openmesh-9.0\openmesh-9.0.0\build\src\openmesh\tools\cmakefiles\generate.stamp
e:\1kmd课程\research\illumination guided lod\idpm\openmesh-9.0\openmesh-9.0.0\build\src\openmesh\apps\cmakefiles\generate.stamp
e:\1kmd课程\research\illumination guided lod\idpm\openmesh-9.0\openmesh-9.0.0\build\src\openmesh\apps\dualizer\cmakefiles\generate.stamp
e:\1kmd课程\research\illumination guided lod\idpm\openmesh-9.0\openmesh-9.0.0\build\src\openmesh\apps\decimating\commandlinedecimater\cmakefiles\generate.stamp
e:\1kmd课程\research\illumination guided lod\idpm\openmesh-9.0\openmesh-9.0.0\build\src\openmesh\apps\smoothing\cmakefiles\generate.stamp
e:\1kmd课程\research\illumination guided lod\idpm\openmesh-9.0\openmesh-9.0.0\build\src\openmesh\apps\subdivider\commandlinesubdivider\cmakefiles\generate.stamp
e:\1kmd课程\research\illumination guided lod\idpm\openmesh-9.0\openmesh-9.0.0\build\src\openmesh\apps\subdivider\commandlineadaptivesubdivider\cmakefiles\generate.stamp
e:\1kmd课程\research\illumination guided lod\idpm\openmesh-9.0\openmesh-9.0.0\build\src\openmesh\apps\mconvert\cmakefiles\generate.stamp
e:\1kmd课程\research\illumination guided lod\idpm\openmesh-9.0\openmesh-9.0.0\build\src\openmesh\apps\vdprogmesh\mkbalancedpm\cmakefiles\generate.stamp
e:\1kmd课程\research\illumination guided lod\idpm\openmesh-9.0\openmesh-9.0.0\build\src\openmesh\apps\vdprogmesh\analyzer\cmakefiles\generate.stamp
e:\1kmd课程\research\illumination guided lod\idpm\openmesh-9.0\openmesh-9.0.0\build\src\openmesh\apps\decimating\decimatergui\cmakefiles\generate.stamp
e:\1kmd课程\research\illumination guided lod\idpm\openmesh-9.0\openmesh-9.0.0\build\src\openmesh\apps\qtviewer\cmakefiles\generate.stamp
e:\1kmd课程\research\illumination guided lod\idpm\openmesh-9.0\openmesh-9.0.0\build\src\openmesh\apps\subdivider\subdividergui\cmakefiles\generate.stamp
e:\1kmd课程\research\illumination guided lod\idpm\openmesh-9.0\openmesh-9.0.0\build\src\openmesh\apps\progviewer\cmakefiles\generate.stamp
e:\1kmd课程\research\illumination guided lod\idpm\openmesh-9.0\openmesh-9.0.0\build\src\openmesh\apps\vdprogmesh\synthesizer\cmakefiles\generate.stamp
e:\1kmd课程\research\illumination guided lod\idpm\openmesh-9.0\openmesh-9.0.0\build\src\openmesh\apps\idpm\cmakefiles\generate.stamp
e:\1kmd课程\research\illumination guided lod\idpm\openmesh-9.0\openmesh-9.0.0\build\src\unittests\cmakefiles\generate.stamp
e:\1kmd课程\research\illumination guided lod\idpm\openmesh-9.0\openmesh-9.0.0\build\doc\cmakefiles\generate.stamp
e:\1kmd课程\research\illumination guided lod\idpm\openmesh-9.0\openmesh-9.0.0\build\x64\debug\zero_check\zero_check.tlog\custombuild.command.1.tlog
e:\1kmd课程\research\illumination guided lod\idpm\openmesh-9.0\openmesh-9.0.0\build\x64\debug\zero_check\zero_check.tlog\custombuild.read.1.tlog
e:\1kmd课程\research\illumination guided lod\idpm\openmesh-9.0\openmesh-9.0.0\build\x64\debug\zero_check\zero_check.tlog\custombuild.write.1.tlog
